[00:08:46] [main/INFO]: Loading Minecraft 1.21.1 with Fabric Loader 0.18.2
[00:08:47] [main/INFO]: Loading 4 mods:
	- fabricloader 0.18.2
	   \-- mixinextras 0.5.0
	- java 21
	- minecraft 1.21.1
[00:08:47] [main/INFO]: SpongePowered MIXIN Subsystem Version=0.8.7 Source=file:/workspaces/verbose-engine/servidor_minecraft/libraries/net/fabricmc/sponge-mixin/0.16.5+mixin.0.8.7/sponge-mixin-0.16.5+mixin.0.8.7.jar Service=Knot/Fabric Env=SERVER
[00:08:52] [main/INFO]: Environment: Environment[sessionHost=https://sessionserver.mojang.com, servicesHost=https://api.minecraftservices.com, name=PROD]
[00:08:54] [main/INFO]: Loaded 1290 recipes
[00:08:54] [main/INFO]: Loaded 1399 advancements
[00:08:55] [Server thread/INFO]: Starting minecraft server version 1.21.1
[00:08:55] [Server thread/INFO]: Loading properties
[00:08:55] [Server thread/INFO]: Default game type: SURVIVAL
[00:08:55] [Server thread/INFO]: Generating keypair
[00:08:55] [Server thread/INFO]: Starting Minecraft server on *:25565
[00:08:55] [Server thread/INFO]: Using epoll channel type
[00:08:55] [Server thread/WARN]: **** SERVER IS RUNNING IN OFFLINE/INSECURE MODE!
[00:08:55] [Server thread/WARN]: The server will make no attempt to authenticate usernames. Beware.
[00:08:55] [Server thread/WARN]: While this makes the game possible to play without internet access, it also opens up the ability for hackers to connect with any username they choose.
[00:08:55] [Server thread/WARN]: To change this, set "online-mode" to "true" in the server.properties file.
[00:08:55] [Server thread/INFO]: Preparing level "world"
[00:08:57] [Server thread/INFO]: Preparing start region for dimension minecraft:overworld
[00:08:58] [Worker-Main-3/INFO]: Preparing spawn area: 0%
[00:08:58] [Server thread/INFO]: Time elapsed: 509 ms
[00:08:58] [Server thread/INFO]: Done (2.902s)! For help, type "help"
[00:09:50] [Server thread/INFO]: XxKing_erickxX[/[0:0:0:0:0:0:0:1%0]:35112] logged in with entity id 8 at (-8.5, 114.0, 0.5)
[00:09:50] [Server thread/INFO]: XxKing_erickxX joined the game
[00:10:58] [Server thread/INFO]: XxKing_erickxX lost connection: Disconnected
[00:10:58] [Server thread/INFO]: XxKing_erickxX left the game
[00:11:04] [Server thread/INFO]: Stopping the server
[00:11:04] [Server thread/INFO]: Stopping server
[00:11:04] [Server thread/INFO]: Saving players
[00:11:04] [Server thread/INFO]: Saving worlds
[00:11:05] [Server thread/INFO]: Saving chunks for level 'ServerLevel[world]'/minecraft:overworld
[00:11:05] [Server thread/INFO]: Saving chunks for level 'ServerLevel[world]'/minecraft:the_end
[00:11:05] [Server thread/INFO]: Saving chunks for level 'ServerLevel[world]'/minecraft:the_nether
[00:11:05] [Server thread/INFO]: ThreadedAnvilChunkStorage (world): All chunks are saved
[00:11:05] [Server thread/INFO]: ThreadedAnvilChunkStorage (DIM1): All chunks are saved
[00:11:05] [Server thread/INFO]: ThreadedAnvilChunkStorage (DIM-1): All chunks are saved
[00:11:05] [Server thread/INFO]: ThreadedAnvilChunkStorage: All dimensions are saved
